<?xml version="1.0" encoding="UTF-8"?>
<testng-results skipped="0" failed="0" ignored="0" total="1" passed="1">
  <reporter-output>
  </reporter-output>
  <suite name="Default suite" duration-ms="1795" started-at="2021-02-03T09:24:49Z" finished-at="2021-02-03T09:24:51Z">
    <groups>
    </groups>
    <test name="Default test" duration-ms="1795" started-at="2021-02-03T09:24:49Z" finished-at="2021-02-03T09:24:51Z">
      <class name="CommonUtils.ApiDemos">
        <test-method status="PASS" signature="test()[pri:0, instance:CommonUtils.ApiDemos@5bcab519]" name="test" duration-ms="1771" started-at="2021-02-03T09:24:49Z" finished-at="2021-02-03T09:24:51Z">
          <reporter-output>
          </reporter-output>
        </test-method> <!-- test -->
      </class> <!-- CommonUtils.ApiDemos -->
    </test> <!-- Default test -->
  </suite> <!-- Default suite -->
</testng-results>
